<?xml version="1.0" encoding="utf-8"?>
<TestRun id="6e8a2f49-fdf0-458d-81ad-3f084a91394e" name="@JVPC-Desktop 2026-07-04 19:39:33" xmlns="http://microsoft.com/schemas/VisualStudio/TeamTest/2010">
  <Times creation="2026-07-04T19:39:33.4196185-04:00" queuing="2026-07-04T19:39:33.4196186-04:00" start="2026-07-04T19:39:14.2070216-04:00" finish="2026-07-04T19:39:33.4232826-04:00" />
  <TestSettings name="default" id="b2ff539e-bee3-4bd4-812b-4bd1ad39967d">
    <Deployment runDeploymentRoot="_JVPC-Desktop_2026-07-04_19_39_33" />
  </TestSettings>
  <Results>
    <UnitTestResult executionId="e192de40-c6ad-4e73-a28a-237838c37f8b" testId="58aaa2b1-f422-b825-ac96-f43df501096f" testName="MergeTests.RepackerTests.Repack_SingleSpriteSwap_ProducesLoadableFile" computerName="JVPC-Desktop" duration="00:00:18.5564832" startTime="2026-07-04T19:39:14.6910971-04:00" endTime="2026-07-04T19:39:33.2580236-04:00" testType="13cdc9d9-ddb5-4fa4-a97d-d965ccfc6d4b" outcome="Passed" testListId="8c84fa94-04c1-424b-9868-57a2d4851a1d" relativeResultsDirectory="e192de40-c6ad-4e73-a28a-237838c37f8b">
      <Output>
        <StdOut>Modifying sprite: spr_undertaletitle (frame 0)
OPEN THIS IN YOUR FORK TO EYEBALL THE NEGATED SPRITE:
/tmp/pjum_swap_spr_undertaletitle.win</StdOut>
      </Output>
    </UnitTestResult>
  </Results>
  <TestDefinitions>
    <UnitTest name="MergeTests.RepackerTests.Repack_SingleSpriteSwap_ProducesLoadableFile" storage="/home/joshua/projects/project jumpstart undertale mod manager/mergetests/bin/debug/net10.0/mergetests.dll" id="58aaa2b1-f422-b825-ac96-f43df501096f">
      <Execution id="e192de40-c6ad-4e73-a28a-237838c37f8b" />
      <TestMethod codeBase="/home/joshua/Projects/Project Jumpstart Undertale Mod Manager/MergeTests/bin/Debug/net10.0/MergeTests.dll" adapterTypeName="executor://xunit/VsTestRunner3/netcore/" className="MergeTests.RepackerTests" name="Repack_SingleSpriteSwap_ProducesLoadableFile" />
    </UnitTest>
  </TestDefinitions>
  <TestEntries>
    <TestEntry testId="58aaa2b1-f422-b825-ac96-f43df501096f" executionId="e192de40-c6ad-4e73-a28a-237838c37f8b" testListId="8c84fa94-04c1-424b-9868-57a2d4851a1d" />
  </TestEntries>
  <TestLists>
    <TestList name="Results Not in a List" id="8c84fa94-04c1-424b-9868-57a2d4851a1d" />
    <TestList name="All Loaded Results" id="19431567-8539-422a-85d7-44ee4e166bda" />
  </TestLists>
  <ResultSummary outcome="Completed">
    <Counters total="1" executed="1" passed="1" failed="0" error="0" timeout="0" aborted="0" inconclusive="0" passedButRunAborted="0" notRunnable="0" notExecuted="0" disconnected="0" warning="0" completed="0" inProgress="0" pending="0" />
    <Output>
      <StdOut>[xUnit.net 00:00:00.00] xUnit.net VSTest Adapter v3.1.4+50e68bbb8b (64-bit .NET 10.0.1)
[xUnit.net 00:00:00.06]   Discovering: MergeTests
[xUnit.net 00:00:00.09]   Discovered:  MergeTests
[xUnit.net 00:00:00.11]   Starting:    MergeTests
[xUnit.net 00:00:18.70]   Finished:    MergeTests
</StdOut>
    </Output>
  </ResultSummary>
</TestRun>